<?xml version="1.0" encoding="UTF-8"?>
<!-- Generated by org.testng.reporters.JUnitReportReporter -->
<testsuite ignored="0" hostname="BLRKEC607915L" failures="0" tests="1" name="com.learautomation.testcase.LoginTestBank" time="3.502" errors="0" timestamp="11 Oct 2023 09:50:26 GMT" skipped="0">
  <testcase classname="com.learautomation.testcase.LoginTestBank" name="loginApp" time="3.502"/>
</testsuite> <!-- com.learautomation.testcase.LoginTestBank -->
