<?xml version="1.0" encoding="UTF-8"?>
<!-- Generated by org.testng.reporters.JUnitReportReporter -->
<testsuite ignored="0" hostname="BLRKEC607915L" failures="0" tests="1" name="com.learautomation.testcase.TestCasewithoutframework" time="3.531" errors="0" timestamp="09 Oct 2023 08:00:15 GMT" skipped="0">
  <testcase classname="com.learautomation.testcase.TestCasewithoutframework" name="test1" time="3.531"/>
</testsuite> <!-- com.learautomation.testcase.TestCasewithoutframework -->
