<?xml version="1.0" encoding="UTF-8"?>
<!-- Generated by org.testng.reporters.JUnitReportReporter -->
<testsuite ignored="0" hostname="BLRKEC607915L" failures="0" tests="1" name="com.learautomation.testcase.LoginTest" time="2.820" errors="0" timestamp="10 Oct 2023 05:55:37 GMT" skipped="0">
  <testcase classname="com.learautomation.testcase.LoginTest" name="loginApp" time="2.820"/>
</testsuite> <!-- com.learautomation.testcase.LoginTest -->
